2021-09-19 22:11:16,353 ERROR c.v.d.PackageScanner [main] Url is null, please check scanPackage[com.vadzimvincho.cook.лл]
2021-09-19 22:11:16,361 ERROR c.v.c.Application [main] Url is null, please check scanPackage com.vadzimvincho.cook.лл
com.vadzimvincho.dependencyinjector.exceptions.DependencyInjectionExceptions: Url is null, please check scanPackage com.vadzimvincho.cook.лл
	at com.vadzimvincho.dependencyinjector.PackageScanner.getAnnotatedClasses(PackageScanner.java:37) ~[classes/:?]
	at com.vadzimvincho.dependencyinjector.ApplicationObjectFactory.<init>(ApplicationObjectFactory.java:28) ~[classes/:?]
	at com.vadzimvincho.cook.Application.main(Application.java:18) [classes/:?]
2021-09-19 23:37:31,692 ERROR c.v.d.ApplicationObjectFactory [main] Object of class [class com.vadzimvincho.app.TestClass2] with such objectName [tc1] already exist.Existing object: [TestClass1]
2021-09-19 23:46:41,033 ERROR c.v.d.ApplicationObjectFactory [main] Object of class [class com.vadzimvincho.app.TestClass2] with such objectName [tc1] already exist.Existing object: [TestClass1]
2021-09-20 00:05:11,137 ERROR c.v.d.ApplicationObjectFactory [main] Object of class [class com.vadzimvincho.app.TestClass3] with such objectName [tc1] already exist.Existing object: [TestClass1]
2021-09-20 01:53:08,956 ERROR c.v.d.PackageScanner [main] Class [class com.vadzimvincho.app.TestClass3] and class [class com.vadzimvincho.app.TestClass2] have the same name [tc1]
2021-09-20 01:55:15,826 ERROR c.v.d.PackageScanner [main] Class [class com.vadzimvincho.app.TestClass2] and class [class com.vadzimvincho.app.TestClass1] have the same name [tc1]
2021-09-20 01:57:22,599 ERROR c.v.d.PackageScanner [main] Class [class com.vadzimvincho.app.TestClass2] and class [class com.vadzimvincho.app.TestClass1] have the same name [tc1]
2021-09-20 01:57:41,569 ERROR c.v.d.ApplicationObjectFactory [main] Class with name [TestClass8] does not exist or is not annotated with annotation [DependencyInjectionObject.class]
2021-09-20 02:10:01,676 ERROR c.v.d.ApplicationObjectFactory [main] Class with name [TestClass8] does not exist or is not annotated with annotation [DependencyInjectionObject.class]
2021-09-20 02:15:17,310 ERROR c.v.d.ApplicationObjectFactory [main] Class with name [TestClass8] does not exist or is not annotated with annotation [DependencyInjectionObject.class]
2021-09-20 02:17:31,970 ERROR c.v.d.ApplicationObjectFactory [main] Class with name [TestClass8] does not exist or is not annotated with annotation [DependencyInjectionObject.class]
2021-09-20 02:20:04,265 ERROR c.v.d.ApplicationObjectFactory [main] Class with name [TestClass8] does not exist or is not annotated with annotation [DependencyInjectionObject.class]
2021-09-20 02:20:58,965 ERROR c.v.d.ApplicationObjectFactory [main] Object class is null
2021-09-20 02:32:26,993 ERROR c.v.d.ApplicationObjectFactory [main] Class with name [test] does not exist or is not annotated with annotation [DependencyInjectionObject.class]
2021-09-20 02:33:07,641 ERROR c.v.d.ApplicationObjectFactory [main] Class with name [Test] does not exist or is not annotated with annotation [DependencyInjectionObject.class]
2021-09-20 02:33:29,260 ERROR c.v.d.ApplicationObjectFactory [main] [interface com.vadzimvincho.app.Test] has more then 1 implementation. Impl: [[class com.vadzimvincho.app.TestClass8, class com.vadzimvincho.app.TestClass1]]
2021-09-20 02:37:00,748 ERROR c.v.d.PackageScanner [main] Class [class com.vadzimvincho.app.TestClass2] and class [class com.vadzimvincho.app.TestClass1] have the same name [tc1]
2021-09-20 02:41:01,575 ERROR c.v.d.ApplicationObjectFactory [main] Class with name [TestClass1] does not exist or is not annotated with annotation [DependencyInjectionObject.class]
2021-09-20 02:42:35,244 ERROR c.v.d.PackageScanner [main] Url is null, please check scanPackage[com.vadzimvincho.cook.лл]
2021-09-20 02:42:35,244 ERROR c.v.c.Application [main] Url is null, please check scanPackage com.vadzimvincho.cook.лл
com.vadzimvincho.dependencyinjector.exceptions.DependencyInjectionExceptions: Url is null, please check scanPackage com.vadzimvincho.cook.лл
	at com.vadzimvincho.dependencyinjector.PackageScanner.getScanDirectory(PackageScanner.java:46) ~[classes/:?]
	at com.vadzimvincho.dependencyinjector.PackageScanner.getAnnotatedClasses(PackageScanner.java:25) ~[classes/:?]
	at com.vadzimvincho.dependencyinjector.ApplicationObjectFactory.<init>(ApplicationObjectFactory.java:25) ~[classes/:?]
	at com.vadzimvincho.cook.Application.main(Application.java:18) [classes/:?]
2021-09-20 09:13:27,071 ERROR c.v.d.ApplicationObjectFactory [main] No access to method [private void com.vadzimvincho.cook.vegetables.vegetablestorage.RestaurantVegetableStorage.initVegetableStorage()] of class [class com.vadzimvincho.cook.vegetables.vegetablestorage.RestaurantVegetableStorage]
2021-09-20 09:14:22,862 ERROR c.v.d.ApplicationObjectFactory [main] No access to method [private void com.vadzimvincho.cook.vegetables.vegetablestorage.RestaurantVegetableStorage.initVegetableStorage()] of class [class com.vadzimvincho.cook.vegetables.vegetablestorage.RestaurantVegetableStorage]
2021-09-20 09:14:46,795 ERROR c.v.d.ApplicationObjectFactory [main] No access to method [private void com.vadzimvincho.cook.vegetables.vegetablestorage.RestaurantVegetableStorage.initVegetableStorage()] of class [class com.vadzimvincho.cook.vegetables.vegetablestorage.RestaurantVegetableStorage]
2021-09-20 09:20:32,316 ERROR c.v.d.ApplicationObjectFactory [main] No access to method [private void com.vadzimvincho.cook.vegetables.vegetablestorage.RestaurantVegetableStorage.initVegetableStorage()] of class [class com.vadzimvincho.cook.vegetables.vegetablestorage.RestaurantVegetableStorage]. Exception [java.lang.IllegalAccessException: class com.vadzimvincho.dependencyinjector.ApplicationObjectFactory cannot access a member of class com.vadzimvincho.cook.vegetables.vegetablestorage.RestaurantVegetableStorage with modifiers "private"]
2021-09-20 09:22:14,009 ERROR c.v.d.ApplicationObjectFactory [main] No access to method [private void com.vadzimvincho.cook.vegetables.vegetablestorage.RestaurantVegetableStorage.initVegetableStorage()] of class [class com.vadzimvincho.cook.vegetables.vegetablestorage.RestaurantVegetableStorage]. Exception [[java.base/jdk.internal.reflect.Reflection.newIllegalAccessException(Reflection.java:361), java.base/java.lang.reflect.AccessibleObject.checkAccess(AccessibleObject.java:591), java.base/java.lang.reflect.Method.invoke(Method.java:558), com.vadzimvincho.dependencyinjector.ApplicationObjectFactory.initObject(ApplicationObjectFactory.java:184), com.vadzimvincho.dependencyinjector.ApplicationObjectFactory.createObject(ApplicationObjectFactory.java:126), com.vadzimvincho.dependencyinjector.ApplicationObjectFactory.initSingletons(ApplicationObjectFactory.java:113), com.vadzimvincho.dependencyinjector.ApplicationObjectFactory.<init>(ApplicationObjectFactory.java:26), com.vadzimvincho.cook.Application.main(Application.java:16)]]
